{"id":"192.168.31.135.tm153139355525700001","wasCommitted":true,"participants":[{"uri":"192.168.31.135.tm1","state":"COMMITTING","expires":1531393565280,"resourceName":"jmsConnectionFactory"}]}
{"id":"192.168.31.135.tm153139355525700001","wasCommitted":true,"participants":[{"uri":"192.168.31.135.tm1","state":"TERMINATED","expires":1531393566181,"resourceName":"jmsConnectionFactory"}]}
{"id":"192.168.31.135.tm153139355525700002","wasCommitted":true,"participants":[{"uri":"192.168.31.135.tm2","state":"COMMITTING","expires":1531393565233,"resourceName":"jmsConnectionFactory"}]}
{"id":"192.168.31.135.tm153139355525700002","wasCommitted":true,"participants":[{"uri":"192.168.31.135.tm2","state":"TERMINATED","expires":1531393567183,"resourceName":"jmsConnectionFactory"}]}
{"id":"192.168.31.135.tm153139355628200003","wasCommitted":true,"participants":[{"uri":"192.168.31.135.tm3","state":"COMMITTING","expires":1531393566235,"resourceName":"jmsConnectionFactory"}]}
{"id":"192.168.31.135.tm153139355628200003","wasCommitted":true,"participants":[{"uri":"192.168.31.135.tm3","state":"TERMINATED","expires":1531393568185,"resourceName":"jmsConnectionFactory"}]}
{"id":"192.168.31.135.tm153139355728300004","wasCommitted":true,"participants":[{"uri":"192.168.31.135.tm4","state":"COMMITTING","expires":1531393567236,"resourceName":"jmsConnectionFactory"}]}
{"id":"192.168.31.135.tm153139355728300004","wasCommitted":true,"participants":[{"uri":"192.168.31.135.tm4","state":"TERMINATED","expires":1531393569186,"resourceName":"jmsConnectionFactory"}]}
{"id":"192.168.31.135.tm153139355828500005","wasCommitted":true,"participants":[{"uri":"192.168.31.135.tm5","state":"COMMITTING","expires":1531393568239,"resourceName":"jmsConnectionFactory"}]}
{"id":"192.168.31.135.tm153139355828500005","wasCommitted":true,"participants":[{"uri":"192.168.31.135.tm5","state":"TERMINATED","expires":1531393570189,"resourceName":"jmsConnectionFactory"}]}
{"id":"192.168.31.135.tm153139355928700006","wasCommitted":true,"participants":[{"uri":"192.168.31.135.tm6","state":"COMMITTING","expires":1531393569240,"resourceName":"jmsConnectionFactory"}]}
{"id":"192.168.31.135.tm153139355928700006","wasCommitted":true,"participants":[{"uri":"192.168.31.135.tm6","state":"TERMINATED","expires":1531393571190,"resourceName":"jmsConnectionFactory"}]}
{"id":"192.168.31.135.tm153139356028900007","wasCommitted":true,"participants":[{"uri":"192.168.31.135.tm7","state":"COMMITTING","expires":1531393570243,"resourceName":"jmsConnectionFactory"}]}
{"id":"192.168.31.135.tm153139356028900007","wasCommitted":true,"participants":[{"uri":"192.168.31.135.tm7","state":"TERMINATED","expires":1531393572193,"resourceName":"jmsConnectionFactory"}]}
{"id":"192.168.31.135.tm153139356129000008","wasCommitted":true,"participants":[{"uri":"192.168.31.135.tm8","state":"COMMITTING","expires":1531393571245,"resourceName":"jmsConnectionFactory"}]}
{"id":"192.168.31.135.tm153139356129000008","wasCommitted":true,"participants":[{"uri":"192.168.31.135.tm8","state":"TERMINATED","expires":1531393573196,"resourceName":"jmsConnectionFactory"}]}
{"id":"192.168.31.135.tm153139356229400009","wasCommitted":true,"participants":[{"uri":"192.168.31.135.tm9","state":"COMMITTING","expires":1531393572247,"resourceName":"jmsConnectionFactory"}]}
{"id":"192.168.31.135.tm153139356229400009","wasCommitted":true,"participants":[{"uri":"192.168.31.135.tm9","state":"TERMINATED","expires":1531393574197,"resourceName":"jmsConnectionFactory"}]}
{"id":"192.168.31.135.tm153139356274900010","wasCommitted":true,"participants":[{"uri":"192.168.31.135.tm10","state":"COMMITTING","expires":1531393572716,"resourceName":"jmsConnectionFactory"}]}
{"id":"192.168.31.135.tm153139356274900010","wasCommitted":true,"participants":[{"uri":"192.168.31.135.tm10","state":"TERMINATED","expires":1531393574218,"resourceName":"jmsConnectionFactory"}]}
{"id":"192.168.31.135.tm153139356329600011","wasCommitted":true,"participants":[{"uri":"192.168.31.135.tm11","state":"COMMITTING","expires":1531393574259,"resourceName":"jmsConnectionFactory"},{"uri":"192.168.31.135.tm12","state":"COMMITTING","expires":1531393574259,"resourceName":"dataSource"}]}
{"id":"192.168.31.135.tm153139356329600011","wasCommitted":true,"participants":[{"uri":"192.168.31.135.tm11","state":"TERMINATED","expires":1531393574262,"resourceName":"jmsConnectionFactory"},{"uri":"192.168.31.135.tm12","state":"TERMINATED","expires":1531393574262,"resourceName":"dataSource"}]}
{"id":"192.168.31.135.tm153139356429700012","wasCommitted":true,"participants":[{"uri":"192.168.31.135.tm13","state":"COMMITTING","expires":1531393574214,"resourceName":"jmsConnectionFactory"}]}
{"id":"192.168.31.135.tm153139356429700012","wasCommitted":true,"participants":[{"uri":"192.168.31.135.tm13","state":"TERMINATED","expires":1531393575264,"resourceName":"jmsConnectionFactory"}]}
{"id":"192.168.31.135.tm153139356436300013","wasCommitted":true,"participants":[{"uri":"192.168.31.135.tm14","state":"COMMITTING","expires":1531393574316,"resourceName":"jmsConnectionFactory"}]}
{"id":"192.168.31.135.tm153139356436300013","wasCommitted":true,"participants":[{"uri":"192.168.31.135.tm14","state":"TERMINATED","expires":1531393576266,"resourceName":"jmsConnectionFactory"}]}
{"id":"192.168.31.135.tm153139356536500014","wasCommitted":true,"participants":[{"uri":"192.168.31.135.tm15","state":"COMMITTING","expires":1531393575317,"resourceName":"jmsConnectionFactory"}]}
{"id":"192.168.31.135.tm153139356536500014","wasCommitted":true,"participants":[{"uri":"192.168.31.135.tm15","state":"TERMINATED","expires":1531393577267,"resourceName":"jmsConnectionFactory"}]}
{"id":"192.168.31.135.tm153139356636600015","wasCommitted":true,"participants":[{"uri":"192.168.31.135.tm16","state":"COMMITTING","expires":1531393576320,"resourceName":"jmsConnectionFactory"}]}
{"id":"192.168.31.135.tm153139356636600015","wasCommitted":true,"participants":[{"uri":"192.168.31.135.tm16","state":"TERMINATED","expires":1531393578270,"resourceName":"jmsConnectionFactory"}]}
{"id":"192.168.31.135.tm153139356736700016","wasCommitted":true,"participants":[{"uri":"192.168.31.135.tm17","state":"COMMITTING","expires":1531393577322,"resourceName":"jmsConnectionFactory"}]}
{"id":"192.168.31.135.tm153139356736700016","wasCommitted":true,"participants":[{"uri":"192.168.31.135.tm17","state":"TERMINATED","expires":1531393579273,"resourceName":"jmsConnectionFactory"}]}
{"id":"192.168.31.135.tm153139356837000017","wasCommitted":true,"participants":[{"uri":"192.168.31.135.tm18","state":"COMMITTING","expires":1531393578324,"resourceName":"jmsConnectionFactory"}]}
{"id":"192.168.31.135.tm153139356837000017","wasCommitted":true,"participants":[{"uri":"192.168.31.135.tm18","state":"TERMINATED","expires":1531393580274,"resourceName":"jmsConnectionFactory"}]}
{"id":"192.168.31.135.tm153139356937300018","wasCommitted":true,"participants":[{"uri":"192.168.31.135.tm19","state":"COMMITTING","expires":1531393579326,"resourceName":"jmsConnectionFactory"}]}
{"id":"192.168.31.135.tm153139356937300018","wasCommitted":true,"participants":[{"uri":"192.168.31.135.tm19","state":"TERMINATED","expires":1531393581276,"resourceName":"jmsConnectionFactory"}]}
{"id":"192.168.31.135.tm153139357037500019","wasCommitted":true,"participants":[{"uri":"192.168.31.135.tm20","state":"COMMITTING","expires":1531393580328,"resourceName":"jmsConnectionFactory"}]}
{"id":"192.168.31.135.tm153139357037500019","wasCommitted":true,"participants":[{"uri":"192.168.31.135.tm20","state":"TERMINATED","expires":1531393582278,"resourceName":"jmsConnectionFactory"}]}
{"id":"192.168.31.135.tm153139357137600020","wasCommitted":true,"participants":[{"uri":"192.168.31.135.tm21","state":"COMMITTING","expires":1531393581330,"resourceName":"jmsConnectionFactory"}]}
{"id":"192.168.31.135.tm153139357137600020","wasCommitted":true,"participants":[{"uri":"192.168.31.135.tm21","state":"TERMINATED","expires":1531393583280,"resourceName":"jmsConnectionFactory"}]}
{"id":"192.168.31.135.tm153139357237800021","wasCommitted":true,"participants":[{"uri":"192.168.31.135.tm22","state":"COMMITTING","expires":1531393582332,"resourceName":"jmsConnectionFactory"}]}
{"id":"192.168.31.135.tm153139357237800021","wasCommitted":true,"participants":[{"uri":"192.168.31.135.tm22","state":"TERMINATED","expires":1531393584282,"resourceName":"jmsConnectionFactory"}]}
{"id":"192.168.31.135.tm153139357338000022","wasCommitted":true,"participants":[{"uri":"192.168.31.135.tm23","state":"COMMITTING","expires":1531393583334,"resourceName":"jmsConnectionFactory"}]}
{"id":"192.168.31.135.tm153139357338000022","wasCommitted":true,"participants":[{"uri":"192.168.31.135.tm23","state":"TERMINATED","expires":1531393585284,"resourceName":"jmsConnectionFactory"}]}
{"id":"192.168.31.135.tm153139357438200023","wasCommitted":true,"participants":[{"uri":"192.168.31.135.tm24","state":"COMMITTING","expires":1531393584336,"resourceName":"jmsConnectionFactory"}]}
{"id":"192.168.31.135.tm153139357438200023","wasCommitted":true,"participants":[{"uri":"192.168.31.135.tm24","state":"TERMINATED","expires":1531393586286,"resourceName":"jmsConnectionFactory"}]}
{"id":"192.168.31.135.tm153139357538400024","wasCommitted":true,"participants":[{"uri":"192.168.31.135.tm25","state":"COMMITTING","expires":1531393585337,"resourceName":"jmsConnectionFactory"}]}
{"id":"192.168.31.135.tm153139357538400024","wasCommitted":true,"participants":[{"uri":"192.168.31.135.tm25","state":"TERMINATED","expires":1531393587287,"resourceName":"jmsConnectionFactory"}]}
{"id":"192.168.31.135.tm153139357638600025","wasCommitted":true,"participants":[{"uri":"192.168.31.135.tm26","state":"COMMITTING","expires":1531393586339,"resourceName":"jmsConnectionFactory"}]}
{"id":"192.168.31.135.tm153139357638600025","wasCommitted":true,"participants":[{"uri":"192.168.31.135.tm26","state":"TERMINATED","expires":1531393588289,"resourceName":"jmsConnectionFactory"}]}
{"id":"192.168.31.135.tm153139357738700026","wasCommitted":true,"participants":[{"uri":"192.168.31.135.tm27","state":"COMMITTING","expires":1531393587340,"resourceName":"jmsConnectionFactory"}]}
{"id":"192.168.31.135.tm153139357738700026","wasCommitted":true,"participants":[{"uri":"192.168.31.135.tm27","state":"TERMINATED","expires":1531393589290,"resourceName":"jmsConnectionFactory"}]}
{"id":"192.168.31.135.tm153139357838900027","wasCommitted":true,"participants":[{"uri":"192.168.31.135.tm28","state":"COMMITTING","expires":1531393588342,"resourceName":"jmsConnectionFactory"}]}
{"id":"192.168.31.135.tm153139357838900027","wasCommitted":true,"participants":[{"uri":"192.168.31.135.tm28","state":"TERMINATED","expires":1531393590292,"resourceName":"jmsConnectionFactory"}]}
{"id":"192.168.31.135.tm153139357939000028","wasCommitted":true,"participants":[{"uri":"192.168.31.135.tm29","state":"COMMITTING","expires":1531393589344,"resourceName":"jmsConnectionFactory"}]}
{"id":"192.168.31.135.tm153139357939000028","wasCommitted":true,"participants":[{"uri":"192.168.31.135.tm29","state":"TERMINATED","expires":1531393591294,"resourceName":"jmsConnectionFactory"}]}
{"id":"192.168.31.135.tm153139358039200029","wasCommitted":true,"participants":[{"uri":"192.168.31.135.tm30","state":"COMMITTING","expires":1531393590345,"resourceName":"jmsConnectionFactory"}]}
{"id":"192.168.31.135.tm153139358039200029","wasCommitted":true,"participants":[{"uri":"192.168.31.135.tm30","state":"TERMINATED","expires":1531393592296,"resourceName":"jmsConnectionFactory"}]}
{"id":"192.168.31.135.tm153139358139400030","wasCommitted":true,"participants":[{"uri":"192.168.31.135.tm31","state":"COMMITTING","expires":1531393591348,"resourceName":"jmsConnectionFactory"}]}
{"id":"192.168.31.135.tm153139358139400030","wasCommitted":true,"participants":[{"uri":"192.168.31.135.tm31","state":"TERMINATED","expires":1531393593298,"resourceName":"jmsConnectionFactory"}]}
{"id":"192.168.31.135.tm153139358239600031","wasCommitted":true,"participants":[{"uri":"192.168.31.135.tm32","state":"COMMITTING","expires":1531393592349,"resourceName":"jmsConnectionFactory"}]}
{"id":"192.168.31.135.tm153139358239600031","wasCommitted":true,"participants":[{"uri":"192.168.31.135.tm32","state":"TERMINATED","expires":1531393594299,"resourceName":"jmsConnectionFactory"}]}
{"id":"192.168.31.135.tm153139358339800032","wasCommitted":true,"participants":[{"uri":"192.168.31.135.tm33","state":"COMMITTING","expires":1531393593351,"resourceName":"jmsConnectionFactory"}]}
{"id":"192.168.31.135.tm153139358339800032","wasCommitted":true,"participants":[{"uri":"192.168.31.135.tm33","state":"TERMINATED","expires":1531393595301,"resourceName":"jmsConnectionFactory"}]}
{"id":"192.168.31.135.tm153139358439900033","wasCommitted":true,"participants":[{"uri":"192.168.31.135.tm34","state":"COMMITTING","expires":1531393594353,"resourceName":"jmsConnectionFactory"}]}
{"id":"192.168.31.135.tm153139358439900033","wasCommitted":true,"participants":[{"uri":"192.168.31.135.tm34","state":"TERMINATED","expires":1531393596303,"resourceName":"jmsConnectionFactory"}]}
{"id":"192.168.31.135.tm153139358540100034","wasCommitted":true,"participants":[{"uri":"192.168.31.135.tm35","state":"COMMITTING","expires":1531393595355,"resourceName":"jmsConnectionFactory"}]}
{"id":"192.168.31.135.tm153139358540100034","wasCommitted":true,"participants":[{"uri":"192.168.31.135.tm35","state":"TERMINATED","expires":1531393597305,"resourceName":"jmsConnectionFactory"}]}
{"id":"192.168.31.135.tm153139358640300035","wasCommitted":true,"participants":[{"uri":"192.168.31.135.tm36","state":"COMMITTING","expires":1531393596357,"resourceName":"jmsConnectionFactory"}]}
{"id":"192.168.31.135.tm153139358640300035","wasCommitted":true,"participants":[{"uri":"192.168.31.135.tm36","state":"TERMINATED","expires":1531393598307,"resourceName":"jmsConnectionFactory"}]}
{"id":"192.168.31.135.tm153139358740500036","wasCommitted":true,"participants":[{"uri":"192.168.31.135.tm37","state":"COMMITTING","expires":1531393597358,"resourceName":"jmsConnectionFactory"}]}
{"id":"192.168.31.135.tm153139358740500036","wasCommitted":true,"participants":[{"uri":"192.168.31.135.tm37","state":"TERMINATED","expires":1531393599308,"resourceName":"jmsConnectionFactory"}]}
{"id":"192.168.31.135.tm153139358840700037","wasCommitted":true,"participants":[{"uri":"192.168.31.135.tm38","state":"COMMITTING","expires":1531393598359,"resourceName":"jmsConnectionFactory"}]}
{"id":"192.168.31.135.tm153139358840700037","wasCommitted":true,"participants":[{"uri":"192.168.31.135.tm38","state":"TERMINATED","expires":1531393600309,"resourceName":"jmsConnectionFactory"}]}
{"id":"192.168.31.135.tm153139358940800038","wasCommitted":true,"participants":[{"uri":"192.168.31.135.tm39","state":"COMMITTING","expires":1531393599361,"resourceName":"jmsConnectionFactory"}]}
{"id":"192.168.31.135.tm153139358940800038","wasCommitted":true,"participants":[{"uri":"192.168.31.135.tm39","state":"TERMINATED","expires":1531393601311,"resourceName":"jmsConnectionFactory"}]}
{"id":"192.168.31.135.tm153139359040900039","wasCommitted":true,"participants":[{"uri":"192.168.31.135.tm40","state":"COMMITTING","expires":1531393600362,"resourceName":"jmsConnectionFactory"}]}
{"id":"192.168.31.135.tm153139359040900039","wasCommitted":true,"participants":[{"uri":"192.168.31.135.tm40","state":"TERMINATED","expires":1531393602312,"resourceName":"jmsConnectionFactory"}]}
{"id":"192.168.31.135.tm153139359141100040","wasCommitted":true,"participants":[{"uri":"192.168.31.135.tm41","state":"COMMITTING","expires":1531393601364,"resourceName":"jmsConnectionFactory"}]}
{"id":"192.168.31.135.tm153139359141100040","wasCommitted":true,"participants":[{"uri":"192.168.31.135.tm41","state":"TERMINATED","expires":1531393603314,"resourceName":"jmsConnectionFactory"}]}
{"id":"192.168.31.135.tm153139359212800041","wasCommitted":true,"participants":[{"uri":"192.168.31.135.tm42","state":"COMMITTING","expires":1531393602116,"resourceName":"jmsConnectionFactory"}]}
{"id":"192.168.31.135.tm153139359212800041","wasCommitted":true,"participants":[{"uri":"192.168.31.135.tm42","state":"TERMINATED","expires":1531393603318,"resourceName":"jmsConnectionFactory"}]}
{"id":"192.168.31.135.tm153139359241200042","wasCommitted":true,"participants":[{"uri":"192.168.31.135.tm43","state":"COMMITTING","expires":1531393602369,"resourceName":"jmsConnectionFactory"}]}
{"id":"192.168.31.135.tm153139359241200042","wasCommitted":true,"participants":[{"uri":"192.168.31.135.tm43","state":"TERMINATED","expires":1531393604319,"resourceName":"jmsConnectionFactory"}]}
{"id":"192.168.31.135.tm153139359341400043","wasCommitted":true,"participants":[{"uri":"192.168.31.135.tm44","state":"COMMITTING","expires":1531393603371,"resourceName":"jmsConnectionFactory"}]}
{"id":"192.168.31.135.tm153139359341400043","wasCommitted":true,"participants":[{"uri":"192.168.31.135.tm44","state":"TERMINATED","expires":1531393605321,"resourceName":"jmsConnectionFactory"}]}
{"id":"192.168.31.135.tm153139359441900044","wasCommitted":true,"participants":[{"uri":"192.168.31.135.tm45","state":"COMMITTING","expires":1531393604373,"resourceName":"jmsConnectionFactory"}]}
{"id":"192.168.31.135.tm153139359441900044","wasCommitted":true,"participants":[{"uri":"192.168.31.135.tm45","state":"TERMINATED","expires":1531393606323,"resourceName":"jmsConnectionFactory"}]}
{"id":"192.168.31.135.tm153139359485800045","wasCommitted":true,"participants":[{"uri":"192.168.31.135.tm46","state":"COMMITTING","expires":1531393604874,"resourceName":"jmsConnectionFactory"}]}
{"id":"192.168.31.135.tm153139359485800045","wasCommitted":true,"participants":[{"uri":"192.168.31.135.tm46","state":"TERMINATED","expires":1531393608324,"resourceName":"jmsConnectionFactory"}]}
{"id":"192.168.31.135.tm153139359542100046","wasCommitted":true,"participants":[{"uri":"192.168.31.135.tm47","state":"COMMITTING","expires":1531393605425,"resourceName":"jmsConnectionFactory"}]}
{"id":"192.168.31.135.tm153139359542100046","wasCommitted":true,"participants":[{"uri":"192.168.31.135.tm47","state":"TERMINATED","expires":1531393609325,"resourceName":"jmsConnectionFactory"}]}
{"id":"192.168.31.135.tm153139359642300047","wasCommitted":true,"participants":[{"uri":"192.168.31.135.tm48","state":"COMMITTING","expires":1531393606426,"resourceName":"jmsConnectionFactory"}]}
{"id":"192.168.31.135.tm153139359642300047","wasCommitted":true,"participants":[{"uri":"192.168.31.135.tm48","state":"TERMINATED","expires":1531393610326,"resourceName":"jmsConnectionFactory"}]}
{"id":"192.168.31.135.tm153139359942500048","wasCommitted":true,"participants":[{"uri":"192.168.31.135.tm49","state":"COMMITTING","expires":1531393609378,"resourceName":"jmsConnectionFactory"}]}
{"id":"192.168.31.135.tm153139359942500048","wasCommitted":true,"participants":[{"uri":"192.168.31.135.tm49","state":"TERMINATED","expires":1531393611328,"resourceName":"jmsConnectionFactory"}]}
{"id":"192.168.31.135.tm153139360042600049","wasCommitted":true,"participants":[{"uri":"192.168.31.135.tm50","state":"COMMITTING","expires":1531393610379,"resourceName":"jmsConnectionFactory"}]}
{"id":"192.168.31.135.tm153139360042600049","wasCommitted":true,"participants":[{"uri":"192.168.31.135.tm50","state":"TERMINATED","expires":1531393612330,"resourceName":"jmsConnectionFactory"}]}
{"id":"192.168.31.135.tm153139360142800050","wasCommitted":true,"participants":[{"uri":"192.168.31.135.tm51","state":"COMMITTING","expires":1531393611380,"resourceName":"jmsConnectionFactory"}]}
{"id":"192.168.31.135.tm153139360142800050","wasCommitted":true,"participants":[{"uri":"192.168.31.135.tm51","state":"TERMINATED","expires":1531393613330,"resourceName":"jmsConnectionFactory"}]}
{"id":"192.168.31.135.tm153139360243000051","wasCommitted":true,"participants":[{"uri":"192.168.31.135.tm52","state":"COMMITTING","expires":1531393612382,"resourceName":"jmsConnectionFactory"}]}
{"id":"192.168.31.135.tm153139360243000051","wasCommitted":true,"participants":[{"uri":"192.168.31.135.tm52","state":"TERMINATED","expires":1531393614332,"resourceName":"jmsConnectionFactory"}]}
{"id":"192.168.31.135.tm153139360343000052","wasCommitted":true,"participants":[{"uri":"192.168.31.135.tm53","state":"COMMITTING","expires":1531393613384,"resourceName":"jmsConnectionFactory"}]}
{"id":"192.168.31.135.tm153139360343000052","wasCommitted":true,"participants":[{"uri":"192.168.31.135.tm53","state":"TERMINATED","expires":1531393615334,"resourceName":"jmsConnectionFactory"}]}
{"id":"192.168.31.135.tm153139360443200053","wasCommitted":true,"participants":[{"uri":"192.168.31.135.tm54","state":"COMMITTING","expires":1531393614386,"resourceName":"jmsConnectionFactory"}]}
{"id":"192.168.31.135.tm153139360443200053","wasCommitted":true,"participants":[{"uri":"192.168.31.135.tm54","state":"TERMINATED","expires":1531393616336,"resourceName":"jmsConnectionFactory"}]}
{"id":"192.168.31.135.tm153139360543500055","wasCommitted":true,"participants":[{"uri":"192.168.31.135.tm55","state":"COMMITTING","expires":1531393615389,"resourceName":"jmsConnectionFactory"}]}
{"id":"192.168.31.135.tm153139360543500055","wasCommitted":true,"participants":[{"uri":"192.168.31.135.tm55","state":"TERMINATED","expires":1531393617339,"resourceName":"jmsConnectionFactory"}]}
{"id":"192.168.31.135.tm153139360643600056","wasCommitted":true,"participants":[{"uri":"192.168.31.135.tm56","state":"COMMITTING","expires":1531393616391,"resourceName":"jmsConnectionFactory"}]}
{"id":"192.168.31.135.tm153139360643600056","wasCommitted":true,"participants":[{"uri":"192.168.31.135.tm56","state":"TERMINATED","expires":1531393618341,"resourceName":"jmsConnectionFactory"}]}
{"id":"192.168.31.135.tm153139360743900057","wasCommitted":true,"participants":[{"uri":"192.168.31.135.tm57","state":"COMMITTING","expires":1531393617392,"resourceName":"jmsConnectionFactory"}]}
{"id":"192.168.31.135.tm153139360743900057","wasCommitted":true,"participants":[{"uri":"192.168.31.135.tm57","state":"TERMINATED","expires":1531393619342,"resourceName":"jmsConnectionFactory"}]}
{"id":"192.168.31.135.tm153139360844100058","wasCommitted":true,"participants":[{"uri":"192.168.31.135.tm58","state":"COMMITTING","expires":1531393618394,"resourceName":"jmsConnectionFactory"}]}
{"id":"192.168.31.135.tm153139360844100058","wasCommitted":true,"participants":[{"uri":"192.168.31.135.tm58","state":"TERMINATED","expires":1531393620344,"resourceName":"jmsConnectionFactory"}]}
{"id":"192.168.31.135.tm153139360944200059","wasCommitted":true,"participants":[{"uri":"192.168.31.135.tm59","state":"COMMITTING","expires":1531393619395,"resourceName":"jmsConnectionFactory"}]}
{"id":"192.168.31.135.tm153139360944200059","wasCommitted":true,"participants":[{"uri":"192.168.31.135.tm59","state":"TERMINATED","expires":1531393621345,"resourceName":"jmsConnectionFactory"}]}
{"id":"192.168.31.135.tm153139361044400060","wasCommitted":true,"participants":[{"uri":"192.168.31.135.tm60","state":"COMMITTING","expires":1531393620397,"resourceName":"jmsConnectionFactory"}]}
{"id":"192.168.31.135.tm153139361044400060","wasCommitted":true,"participants":[{"uri":"192.168.31.135.tm60","state":"TERMINATED","expires":1531393622347,"resourceName":"jmsConnectionFactory"}]}
{"id":"192.168.31.135.tm153139361144500061","wasCommitted":true,"participants":[{"uri":"192.168.31.135.tm61","state":"COMMITTING","expires":1531393621398,"resourceName":"jmsConnectionFactory"}]}
{"id":"192.168.31.135.tm153139361144500061","wasCommitted":true,"participants":[{"uri":"192.168.31.135.tm61","state":"TERMINATED","expires":1531393623348,"resourceName":"jmsConnectionFactory"}]}
{"id":"192.168.31.135.tm153139361244700062","wasCommitted":true,"participants":[{"uri":"192.168.31.135.tm62","state":"COMMITTING","expires":1531393622399,"resourceName":"jmsConnectionFactory"}]}
{"id":"192.168.31.135.tm153139361244700062","wasCommitted":true,"participants":[{"uri":"192.168.31.135.tm62","state":"TERMINATED","expires":1531393624349,"resourceName":"jmsConnectionFactory"}]}
{"id":"192.168.31.135.tm153139361321400063","wasCommitted":true,"participants":[{"uri":"192.168.31.135.tm63","state":"COMMITTING","expires":1531393623150,"resourceName":"jmsConnectionFactory"}]}
{"id":"192.168.31.135.tm153139361321400063","wasCommitted":true,"participants":[{"uri":"192.168.31.135.tm63","state":"TERMINATED","expires":1531393624352,"resourceName":"jmsConnectionFactory"}]}
{"id":"192.168.31.135.tm153139361344800064","wasCommitted":true,"participants":[{"uri":"192.168.31.135.tm64","state":"COMMITTING","expires":1531393624359,"resourceName":"jmsConnectionFactory"},{"uri":"192.168.31.135.tm65","state":"COMMITTING","expires":1531393624359,"resourceName":"dataSource"}]}
{"id":"192.168.31.135.tm153139361344800064","wasCommitted":true,"participants":[{"uri":"192.168.31.135.tm64","state":"TERMINATED","expires":1531393624363,"resourceName":"jmsConnectionFactory"},{"uri":"192.168.31.135.tm65","state":"TERMINATED","expires":1531393624363,"resourceName":"dataSource"}]}
{"id":"192.168.31.135.tm153139361444900065","wasCommitted":true,"participants":[{"uri":"192.168.31.135.tm66","state":"COMMITTING","expires":1531393624463,"resourceName":"jmsConnectionFactory"}]}
{"id":"192.168.31.135.tm153139361444900065","wasCommitted":true,"participants":[{"uri":"192.168.31.135.tm66","state":"TERMINATED","expires":1531393625364,"resourceName":"jmsConnectionFactory"}]}
{"id":"192.168.31.135.tm153139361446300066","wasCommitted":true,"participants":[{"uri":"192.168.31.135.tm67","state":"COMMITTING","expires":1531393624415,"resourceName":"jmsConnectionFactory"}]}
{"id":"192.168.31.135.tm153139361446300066","wasCommitted":true,"participants":[{"uri":"192.168.31.135.tm67","state":"TERMINATED","expires":1531393626365,"resourceName":"jmsConnectionFactory"}]}
{"id":"192.168.31.135.tm153139361546400067","wasCommitted":true,"participants":[{"uri":"192.168.31.135.tm68","state":"COMMITTING","expires":1531393625416,"resourceName":"jmsConnectionFactory"}]}
{"id":"192.168.31.135.tm153139361546400067","wasCommitted":true,"participants":[{"uri":"192.168.31.135.tm68","state":"TERMINATED","expires":1531393627366,"resourceName":"jmsConnectionFactory"}]}
{"id":"192.168.31.135.tm153139361646500068","wasCommitted":true,"participants":[{"uri":"192.168.31.135.tm69","state":"COMMITTING","expires":1531393626417,"resourceName":"jmsConnectionFactory"}]}
{"id":"192.168.31.135.tm153139361646500068","wasCommitted":true,"participants":[{"uri":"192.168.31.135.tm69","state":"TERMINATED","expires":1531393628367,"resourceName":"jmsConnectionFactory"}]}
{"id":"192.168.31.135.tm153139361746600069","wasCommitted":true,"participants":[{"uri":"192.168.31.135.tm70","state":"COMMITTING","expires":1531393627418,"resourceName":"jmsConnectionFactory"}]}
{"id":"192.168.31.135.tm153139361746600069","wasCommitted":true,"participants":[{"uri":"192.168.31.135.tm70","state":"TERMINATED","expires":1531393629368,"resourceName":"jmsConnectionFactory"}]}
{"id":"192.168.31.135.tm153139361846700070","wasCommitted":true,"participants":[{"uri":"192.168.31.135.tm71","state":"COMMITTING","expires":1531393628418,"resourceName":"jmsConnectionFactory"}]}
{"id":"192.168.31.135.tm153139361846700070","wasCommitted":true,"participants":[{"uri":"192.168.31.135.tm71","state":"TERMINATED","expires":1531393630368,"resourceName":"jmsConnectionFactory"}]}
{"id":"192.168.31.135.tm153139361946800071","wasCommitted":true,"participants":[{"uri":"192.168.31.135.tm72","state":"COMMITTING","expires":1531393629420,"resourceName":"jmsConnectionFactory"}]}
{"id":"192.168.31.135.tm153139361946800071","wasCommitted":true,"participants":[{"uri":"192.168.31.135.tm72","state":"TERMINATED","expires":1531393631370,"resourceName":"jmsConnectionFactory"}]}
{"id":"192.168.31.135.tm153139362046800072","wasCommitted":true,"participants":[{"uri":"192.168.31.135.tm73","state":"COMMITTING","expires":1531393630421,"resourceName":"jmsConnectionFactory"}]}
{"id":"192.168.31.135.tm153139362046800072","wasCommitted":true,"participants":[{"uri":"192.168.31.135.tm73","state":"TERMINATED","expires":1531393632371,"resourceName":"jmsConnectionFactory"}]}
{"id":"192.168.31.135.tm153139362147000073","wasCommitted":true,"participants":[{"uri":"192.168.31.135.tm74","state":"COMMITTING","expires":1531393631422,"resourceName":"jmsConnectionFactory"}]}
{"id":"192.168.31.135.tm153139362147000073","wasCommitted":true,"participants":[{"uri":"192.168.31.135.tm74","state":"TERMINATED","expires":1531393633372,"resourceName":"jmsConnectionFactory"}]}
{"id":"192.168.31.135.tm153139362247100074","wasCommitted":true,"participants":[{"uri":"192.168.31.135.tm75","state":"COMMITTING","expires":1531393632424,"resourceName":"jmsConnectionFactory"}]}
{"id":"192.168.31.135.tm153139362247100074","wasCommitted":true,"participants":[{"uri":"192.168.31.135.tm75","state":"TERMINATED","expires":1531393634374,"resourceName":"jmsConnectionFactory"}]}
{"id":"192.168.31.135.tm153139362321200075","wasCommitted":true,"participants":[{"uri":"192.168.31.135.tm76","state":"COMMITTING","expires":1531393633175,"resourceName":"jmsConnectionFactory"}]}
{"id":"192.168.31.135.tm153139362321200075","wasCommitted":true,"participants":[{"uri":"192.168.31.135.tm76","state":"TERMINATED","expires":1531393634377,"resourceName":"jmsConnectionFactory"}]}
{"id":"192.168.31.135.tm153139362347200076","wasCommitted":true,"participants":[{"uri":"192.168.31.135.tm77","state":"COMMITTING","expires":1531393633427,"resourceName":"jmsConnectionFactory"}]}
{"id":"192.168.31.135.tm153139362347200076","wasCommitted":true,"participants":[{"uri":"192.168.31.135.tm77","state":"TERMINATED","expires":1531393635377,"resourceName":"jmsConnectionFactory"}]}
{"id":"192.168.31.135.tm153139362447400077","wasCommitted":false,"participants":[{"uri":"192.168.31.135.tm78","state":"TERMINATED","expires":1531393635398,"resourceName":"jmsConnectionFactory"},{"uri":"192.168.31.135.tm79","state":"TERMINATED","expires":1531393635398,"resourceName":"dataSource"}]}
{"id":"192.168.31.135.tm153139362547800078","wasCommitted":true,"participants":[{"uri":"192.168.31.135.tm80","state":"COMMITTING","expires":1531393635500,"resourceName":"jmsConnectionFactory"}]}
{"id":"192.168.31.135.tm153139362547800078","wasCommitted":true,"participants":[{"uri":"192.168.31.135.tm80","state":"TERMINATED","expires":1531393636400,"resourceName":"jmsConnectionFactory"}]}
{"id":"192.168.31.135.tm153139362650000079","wasCommitted":true,"participants":[{"uri":"192.168.31.135.tm81","state":"COMMITTING","expires":1531393636501,"resourceName":"jmsConnectionFactory"}]}
{"id":"192.168.31.135.tm153139362650000079","wasCommitted":true,"participants":[{"uri":"192.168.31.135.tm81","state":"TERMINATED","expires":1531393637401,"resourceName":"jmsConnectionFactory"}]}
{"id":"192.168.31.135.tm153139362650100080","wasCommitted":false,"participants":[{"uri":"192.168.31.135.tm82","state":"TERMINATED","expires":1531393637413,"resourceName":"jmsConnectionFactory"},{"uri":"192.168.31.135.tm83","state":"TERMINATED","expires":1531393637413,"resourceName":"dataSource"}]}
{"id":"192.168.31.135.tm153139362750100081","wasCommitted":true,"participants":[{"uri":"192.168.31.135.tm84","state":"COMMITTING","expires":1531393637515,"resourceName":"jmsConnectionFactory"}]}
{"id":"192.168.31.135.tm153139362750100081","wasCommitted":true,"participants":[{"uri":"192.168.31.135.tm84","state":"TERMINATED","expires":1531393638415,"resourceName":"jmsConnectionFactory"}]}
{"id":"192.168.31.135.tm153139362851500082","wasCommitted":true,"participants":[{"uri":"192.168.31.135.tm85","state":"COMMITTING","expires":1531393638516,"resourceName":"jmsConnectionFactory"}]}
{"id":"192.168.31.135.tm153139362851500082","wasCommitted":true,"participants":[{"uri":"192.168.31.135.tm85","state":"TERMINATED","expires":1531393639416,"resourceName":"jmsConnectionFactory"}]}
{"id":"192.168.31.135.tm153139362951600083","wasCommitted":true,"participants":[{"uri":"192.168.31.135.tm86","state":"COMMITTING","expires":1531393639518,"resourceName":"jmsConnectionFactory"}]}
{"id":"192.168.31.135.tm153139362951600083","wasCommitted":true,"participants":[{"uri":"192.168.31.135.tm86","state":"TERMINATED","expires":1531393640418,"resourceName":"jmsConnectionFactory"}]}
{"id":"192.168.31.135.tm153139363051800084","wasCommitted":true,"participants":[{"uri":"192.168.31.135.tm87","state":"COMMITTING","expires":1531393640520,"resourceName":"jmsConnectionFactory"}]}
{"id":"192.168.31.135.tm153139363051800084","wasCommitted":true,"participants":[{"uri":"192.168.31.135.tm87","state":"TERMINATED","expires":1531393641420,"resourceName":"jmsConnectionFactory"}]}
{"id":"192.168.31.135.tm153139363152000085","wasCommitted":true,"participants":[{"uri":"192.168.31.135.tm88","state":"COMMITTING","expires":1531393641521,"resourceName":"jmsConnectionFactory"}]}
{"id":"192.168.31.135.tm153139363152000085","wasCommitted":true,"participants":[{"uri":"192.168.31.135.tm88","state":"TERMINATED","expires":1531393642422,"resourceName":"jmsConnectionFactory"}]}
{"id":"192.168.31.135.tm153139363252200086","wasCommitted":true,"participants":[{"uri":"192.168.31.135.tm89","state":"COMMITTING","expires":1531393642522,"resourceName":"jmsConnectionFactory"}]}
{"id":"192.168.31.135.tm153139363252200086","wasCommitted":true,"participants":[{"uri":"192.168.31.135.tm89","state":"TERMINATED","expires":1531393643422,"resourceName":"jmsConnectionFactory"}]}
{"id":"192.168.31.135.tm153139363252200087","wasCommitted":false,"participants":[{"uri":"192.168.31.135.tm90","state":"TERMINATED","expires":1531393643434,"resourceName":"jmsConnectionFactory"},{"uri":"192.168.31.135.tm91","state":"TERMINATED","expires":1531393643434,"resourceName":"dataSource"}]}
{"id":"192.168.31.135.tm153139363352300088","wasCommitted":true,"participants":[{"uri":"192.168.31.135.tm92","state":"COMMITTING","expires":1531393643535,"resourceName":"jmsConnectionFactory"}]}
{"id":"192.168.31.135.tm153139363352300088","wasCommitted":true,"participants":[{"uri":"192.168.31.135.tm92","state":"TERMINATED","expires":1531393644435,"resourceName":"jmsConnectionFactory"}]}
{"id":"192.168.31.135.tm153139363453500089","wasCommitted":true,"participants":[{"uri":"192.168.31.135.tm93","state":"COMMITTING","expires":1531393644538,"resourceName":"jmsConnectionFactory"}]}
{"id":"192.168.31.135.tm153139363453500089","wasCommitted":true,"participants":[{"uri":"192.168.31.135.tm93","state":"TERMINATED","expires":1531393645438,"resourceName":"jmsConnectionFactory"}]}
{"id":"192.168.31.135.tm153139363553800090","wasCommitted":true,"participants":[{"uri":"192.168.31.135.tm94","state":"COMMITTING","expires":1531393645538,"resourceName":"jmsConnectionFactory"}]}
{"id":"192.168.31.135.tm153139363553800090","wasCommitted":true,"participants":[{"uri":"192.168.31.135.tm94","state":"TERMINATED","expires":1531393646438,"resourceName":"jmsConnectionFactory"}]}
{"id":"192.168.31.135.tm153139363653800091","wasCommitted":true,"participants":[{"uri":"192.168.31.135.tm95","state":"COMMITTING","expires":1531393646539,"resourceName":"jmsConnectionFactory"}]}
{"id":"192.168.31.135.tm153139363653800091","wasCommitted":true,"participants":[{"uri":"192.168.31.135.tm95","state":"TERMINATED","expires":1531393647439,"resourceName":"jmsConnectionFactory"}]}
{"id":"192.168.31.135.tm153139363754000092","wasCommitted":true,"participants":[{"uri":"192.168.31.135.tm96","state":"COMMITTING","expires":1531393647540,"resourceName":"jmsConnectionFactory"}]}
{"id":"192.168.31.135.tm153139363754000092","wasCommitted":true,"participants":[{"uri":"192.168.31.135.tm96","state":"TERMINATED","expires":1531393648441,"resourceName":"jmsConnectionFactory"}]}
{"id":"192.168.31.135.tm153139363854100093","wasCommitted":true,"participants":[{"uri":"192.168.31.135.tm97","state":"COMMITTING","expires":1531393648543,"resourceName":"jmsConnectionFactory"}]}
{"id":"192.168.31.135.tm153139363854100093","wasCommitted":true,"participants":[{"uri":"192.168.31.135.tm97","state":"TERMINATED","expires":1531393649443,"resourceName":"jmsConnectionFactory"}]}
{"id":"192.168.31.135.tm153139363854200094","wasCommitted":false,"participants":[{"uri":"192.168.31.135.tm98","state":"TERMINATED","expires":1531393649457,"resourceName":"jmsConnectionFactory"},{"uri":"192.168.31.135.tm99","state":"TERMINATED","expires":1531393649457,"resourceName":"dataSource"}]}
{"id":"192.168.31.135.tm153139363954300095","wasCommitted":true,"participants":[{"uri":"192.168.31.135.tm100","state":"COMMITTING","expires":1531393649559,"resourceName":"jmsConnectionFactory"}]}
{"id":"192.168.31.135.tm153139363954300095","wasCommitted":true,"participants":[{"uri":"192.168.31.135.tm100","state":"TERMINATED","expires":1531393650459,"resourceName":"jmsConnectionFactory"}]}
{"id":"192.168.31.135.tm153139364055900096","wasCommitted":true,"participants":[{"uri":"192.168.31.135.tm101","state":"COMMITTING","expires":1531393650560,"resourceName":"jmsConnectionFactory"}]}
{"id":"192.168.31.135.tm153139364055900096","wasCommitted":true,"participants":[{"uri":"192.168.31.135.tm101","state":"TERMINATED","expires":1531393651460,"resourceName":"jmsConnectionFactory"}]}
{"id":"192.168.31.135.tm153139364091100097","wasCommitted":true,"participants":[{"uri":"192.168.31.135.tm102","state":"COMMITTING","expires":1531393650861,"resourceName":"jmsConnectionFactory"}]}
{"id":"192.168.31.135.tm153139364091100097","wasCommitted":true,"participants":[{"uri":"192.168.31.135.tm102","state":"TERMINATED","expires":1531393651462,"resourceName":"jmsConnectionFactory"}]}
{"id":"192.168.31.135.tm153139364156000098","wasCommitted":true,"participants":[{"uri":"192.168.31.135.tm103","state":"COMMITTING","expires":1531393651564,"resourceName":"jmsConnectionFactory"}]}
{"id":"192.168.31.135.tm153139364156000098","wasCommitted":true,"participants":[{"uri":"192.168.31.135.tm103","state":"TERMINATED","expires":1531393652464,"resourceName":"jmsConnectionFactory"}]}
{"id":"192.168.31.135.tm153139364256400099","wasCommitted":true,"participants":[{"uri":"192.168.31.135.tm104","state":"COMMITTING","expires":1531393652565,"resourceName":"jmsConnectionFactory"}]}
{"id":"192.168.31.135.tm153139364256400099","wasCommitted":true,"participants":[{"uri":"192.168.31.135.tm104","state":"TERMINATED","expires":1531393653465,"resourceName":"jmsConnectionFactory"}]}
{"id":"192.168.31.135.tm153139364356500100","wasCommitted":true,"participants":[{"uri":"192.168.31.135.tm105","state":"COMMITTING","expires":1531393653567,"resourceName":"jmsConnectionFactory"}]}
{"id":"192.168.31.135.tm153139364356500100","wasCommitted":true,"participants":[{"uri":"192.168.31.135.tm105","state":"TERMINATED","expires":1531393654467,"resourceName":"jmsConnectionFactory"}]}
{"id":"192.168.31.135.tm153139364456700101","wasCommitted":true,"participants":[{"uri":"192.168.31.135.tm106","state":"COMMITTING","expires":1531393654569,"resourceName":"jmsConnectionFactory"}]}
{"id":"192.168.31.135.tm153139364456700101","wasCommitted":true,"participants":[{"uri":"192.168.31.135.tm106","state":"TERMINATED","expires":1531393655469,"resourceName":"jmsConnectionFactory"}]}
{"id":"192.168.31.135.tm153139364456800102","wasCommitted":false,"participants":[{"uri":"192.168.31.135.tm107","state":"TERMINATED","expires":1531393655478,"resourceName":"jmsConnectionFactory"},{"uri":"192.168.31.135.tm108","state":"TERMINATED","expires":1531393655478,"resourceName":"dataSource"}]}
{"id":"192.168.31.135.tm153139364495300103","wasCommitted":true,"participants":[{"uri":"192.168.31.135.tm109","state":"COMMITTING","expires":1531393654928,"resourceName":"jmsConnectionFactory"}]}
{"id":"192.168.31.135.tm153139364495300103","wasCommitted":true,"participants":[{"uri":"192.168.31.135.tm109","state":"TERMINATED","expires":1531393657478,"resourceName":"jmsConnectionFactory"}]}
{"id":"192.168.31.135.tm153139364556900104","wasCommitted":true,"participants":[{"uri":"192.168.31.135.tm110","state":"COMMITTING","expires":1531393655630,"resourceName":"jmsConnectionFactory"}]}
{"id":"192.168.31.135.tm153139364556900104","wasCommitted":true,"participants":[{"uri":"192.168.31.135.tm110","state":"TERMINATED","expires":1531393658480,"resourceName":"jmsConnectionFactory"}]}
{"id":"192.168.31.135.tm153139364858100105","wasCommitted":true,"participants":[{"uri":"192.168.31.135.tm111","state":"COMMITTING","expires":1531393658581,"resourceName":"jmsConnectionFactory"}]}
{"id":"192.168.31.135.tm153139364858100105","wasCommitted":true,"participants":[{"uri":"192.168.31.135.tm111","state":"TERMINATED","expires":1531393659481,"resourceName":"jmsConnectionFactory"}]}
{"id":"192.168.31.135.tm153139364958100106","wasCommitted":true,"participants":[{"uri":"192.168.31.135.tm112","state":"COMMITTING","expires":1531393659583,"resourceName":"jmsConnectionFactory"}]}
{"id":"192.168.31.135.tm153139364958100106","wasCommitted":true,"participants":[{"uri":"192.168.31.135.tm112","state":"TERMINATED","expires":1531393660483,"resourceName":"jmsConnectionFactory"}]}
{"id":"192.168.31.135.tm153139365058300107","wasCommitted":true,"participants":[{"uri":"192.168.31.135.tm113","state":"COMMITTING","expires":1531393660585,"resourceName":"jmsConnectionFactory"}]}
{"id":"192.168.31.135.tm153139365058300107","wasCommitted":true,"participants":[{"uri":"192.168.31.135.tm113","state":"TERMINATED","expires":1531393661485,"resourceName":"jmsConnectionFactory"}]}
{"id":"192.168.31.135.tm153139365058400108","wasCommitted":false,"participants":[{"uri":"192.168.31.135.tm114","state":"TERMINATED","expires":1531393661495,"resourceName":"jmsConnectionFactory"},{"uri":"192.168.31.135.tm115","state":"TERMINATED","expires":1531393661495,"resourceName":"dataSource"}]}
{"id":"192.168.31.135.tm153139365158500109","wasCommitted":true,"participants":[{"uri":"192.168.31.135.tm116","state":"COMMITTING","expires":1531393661596,"resourceName":"jmsConnectionFactory"}]}
{"id":"192.168.31.135.tm153139365158500109","wasCommitted":true,"participants":[{"uri":"192.168.31.135.tm116","state":"TERMINATED","expires":1531393662497,"resourceName":"jmsConnectionFactory"}]}
{"id":"192.168.31.135.tm153139365259700110","wasCommitted":true,"participants":[{"uri":"192.168.31.135.tm117","state":"COMMITTING","expires":1531393662598,"resourceName":"jmsConnectionFactory"}]}
{"id":"192.168.31.135.tm153139365259700110","wasCommitted":true,"participants":[{"uri":"192.168.31.135.tm117","state":"TERMINATED","expires":1531393663498,"resourceName":"jmsConnectionFactory"}]}
{"id":"192.168.31.135.tm153139365359800111","wasCommitted":true,"participants":[{"uri":"192.168.31.135.tm118","state":"COMMITTING","expires":1531393663600,"resourceName":"jmsConnectionFactory"}]}
{"id":"192.168.31.135.tm153139365359800111","wasCommitted":true,"participants":[{"uri":"192.168.31.135.tm118","state":"TERMINATED","expires":1531393664501,"resourceName":"jmsConnectionFactory"}]}
{"id":"192.168.31.135.tm153139365460100112","wasCommitted":true,"participants":[{"uri":"192.168.31.135.tm119","state":"COMMITTING","expires":1531393664601,"resourceName":"jmsConnectionFactory"}]}
{"id":"192.168.31.135.tm153139365460100112","wasCommitted":true,"participants":[{"uri":"192.168.31.135.tm119","state":"TERMINATED","expires":1531393665501,"resourceName":"jmsConnectionFactory"}]}
{"id":"192.168.31.135.tm153139365560200113","wasCommitted":true,"participants":[{"uri":"192.168.31.135.tm120","state":"COMMITTING","expires":1531393665602,"resourceName":"jmsConnectionFactory"}]}
{"id":"192.168.31.135.tm153139365560200113","wasCommitted":true,"participants":[{"uri":"192.168.31.135.tm120","state":"TERMINATED","expires":1531393666502,"resourceName":"jmsConnectionFactory"}]}
{"id":"192.168.31.135.tm153139365660300114","wasCommitted":true,"participants":[{"uri":"192.168.31.135.tm121","state":"COMMITTING","expires":1531393666604,"resourceName":"jmsConnectionFactory"}]}
{"id":"192.168.31.135.tm153139365660300114","wasCommitted":true,"participants":[{"uri":"192.168.31.135.tm121","state":"TERMINATED","expires":1531393667504,"resourceName":"jmsConnectionFactory"}]}
{"id":"192.168.31.135.tm153139365660300115","wasCommitted":false,"participants":[{"uri":"192.168.31.135.tm122","state":"TERMINATED","expires":1531393667513,"resourceName":"jmsConnectionFactory"},{"uri":"192.168.31.135.tm123","state":"TERMINATED","expires":1531393667513,"resourceName":"dataSource"}]}
{"id":"192.168.31.135.tm153139365760400116","wasCommitted":true,"participants":[{"uri":"192.168.31.135.tm124","state":"COMMITTING","expires":1531393667615,"resourceName":"jmsConnectionFactory"}]}
{"id":"192.168.31.135.tm153139365760400116","wasCommitted":true,"participants":[{"uri":"192.168.31.135.tm124","state":"TERMINATED","expires":1531393668515,"resourceName":"jmsConnectionFactory"}]}
{"id":"192.168.31.135.tm153139365861500117","wasCommitted":true,"participants":[{"uri":"192.168.31.135.tm125","state":"COMMITTING","expires":1531393668617,"resourceName":"jmsConnectionFactory"}]}
{"id":"192.168.31.135.tm153139365861500117","wasCommitted":true,"participants":[{"uri":"192.168.31.135.tm125","state":"TERMINATED","expires":1531393669517,"resourceName":"jmsConnectionFactory"}]}
{"id":"192.168.31.135.tm153139365961700118","wasCommitted":true,"participants":[{"uri":"192.168.31.135.tm126","state":"COMMITTING","expires":1531393669618,"resourceName":"jmsConnectionFactory"}]}
{"id":"192.168.31.135.tm153139365961700118","wasCommitted":true,"participants":[{"uri":"192.168.31.135.tm126","state":"TERMINATED","expires":1531393670518,"resourceName":"jmsConnectionFactory"}]}
{"id":"192.168.31.135.tm153139366061800119","wasCommitted":true,"participants":[{"uri":"192.168.31.135.tm127","state":"COMMITTING","expires":1531393670620,"resourceName":"jmsConnectionFactory"}]}
{"id":"192.168.31.135.tm153139366061800119","wasCommitted":true,"participants":[{"uri":"192.168.31.135.tm127","state":"TERMINATED","expires":1531393671520,"resourceName":"jmsConnectionFactory"}]}
{"id":"192.168.31.135.tm153139366162000120","wasCommitted":true,"participants":[{"uri":"192.168.31.135.tm128","state":"COMMITTING","expires":1531393671620,"resourceName":"jmsConnectionFactory"}]}
{"id":"192.168.31.135.tm153139366162000120","wasCommitted":true,"participants":[{"uri":"192.168.31.135.tm128","state":"TERMINATED","expires":1531393672521,"resourceName":"jmsConnectionFactory"}]}
{"id":"192.168.31.135.tm153139366262100121","wasCommitted":true,"participants":[{"uri":"192.168.31.135.tm129","state":"COMMITTING","expires":1531393672622,"resourceName":"jmsConnectionFactory"}]}
{"id":"192.168.31.135.tm153139366262100121","wasCommitted":true,"participants":[{"uri":"192.168.31.135.tm129","state":"TERMINATED","expires":1531393673522,"resourceName":"jmsConnectionFactory"}]}
